<?xml version="1.0" encoding="UTF-8"?>
<testng-results ignored="0" total="1" passed="0" failed="1" skipped="0">
  <reporter-output>
  </reporter-output>
  <suite started-at="2025-09-16T15:33:48 IST" name="Default suite" finished-at="2025-09-16T15:33:56 IST" duration-ms="8429">
    <groups>
      <group name="cucumber">
        <method signature="AbstractTestNGCucumberTests.runScenario(io.cucumber.testng.PickleWrapper,io.cucumber.testng.FeatureWrapper)[pri:0, instance:runner.TestRunner@4d0d9fe7]" name="runScenario" class="io.cucumber.testng.AbstractTestNGCucumberTests"/>
      </group> <!-- cucumber -->
    </groups>
    <test started-at="2025-09-16T15:33:48 IST" name="Default test" finished-at="2025-09-16T15:33:56 IST" duration-ms="8429">
      <class name="runner.TestRunner">
        <test-method is-config="true" signature="setUpClass(org.testng.ITestContext)[pri:0, instance:runner.TestRunner@4d0d9fe7]" started-at="2025-09-16T15:33:48 IST" name="setUpClass" finished-at="2025-09-16T15:33:48 IST" duration-ms="596" status="PASS">
          <params>
            <param index="0">
              <value>
                <![CDATA[org.testng.TestRunner@554f0dfb]]>
              </value>
            </param>
          </params>
          <reporter-output>
          </reporter-output>
        </test-method> <!-- setUpClass -->
        <test-method signature="runScenario(io.cucumber.testng.PickleWrapper,io.cucumber.testng.FeatureWrapper)[pri:0, instance:runner.TestRunner@4d0d9fe7]" started-at="2025-09-16T15:33:48 IST" name="runScenario" description="Runs Cucumber Scenarios" data-provider="scenarios" finished-at="2025-09-16T15:33:56 IST" duration-ms="7722" status="FAIL">
          <params>
            <param index="0">
              <value>
                <![CDATA["User signs up successfully"]]>
              </value>
            </param>
            <param index="1">
              <value>
                <![CDATA["Create Account"]]>
              </value>
            </param>
          </params>
          <exception class="io.cucumber.java.PendingException">
            <message>
              <![CDATA[TODO: implement me]]>
            </message>
            <full-stacktrace>
              <![CDATA[io.cucumber.java.PendingException: TODO: implement me
at StepDefination.CreateAccountStepdef.i_should_see_a_success_message(CreateAccountStepdef.java:69)
at ✽.I should see a success message "User account created successfully"(file:///C:/Users/RA20586924/eclipse-workspace/Banking-Application-Testing/src/test/resources/features/CreateAccount.feature:11)
]]>
            </full-stacktrace>
          </exception> <!-- io.cucumber.java.PendingException -->
          <reporter-output>
          </reporter-output>
        </test-method> <!-- runScenario -->
        <test-method is-config="true" signature="tearDownClass()[pri:0, instance:runner.TestRunner@4d0d9fe7]" started-at="2025-09-16T15:33:56 IST" name="tearDownClass" finished-at="2025-09-16T15:33:56 IST" duration-ms="57" status="PASS">
          <reporter-output>
          </reporter-output>
        </test-method> <!-- tearDownClass -->
      </class> <!-- runner.TestRunner -->
    </test> <!-- Default test -->
  </suite> <!-- Default suite -->
</testng-results>
